{"name": "test_LoginFailMethod", "status": "failed", "statusDetails": {"message": "AssertionError", "trace": "self = <AppiumFrameWork.tests.LoginTest.LoginTest testMethod=test_LoginFailMethod>\n\n    @pytest.mark.run(order=1)\n    def test_LoginFailMethod(self):\n        cl.allureLogs(\"App Openned\")\n        self.gt.clickLoginButton()\n>       self.gt.enterEmail()\n\nLoginTest.py:18: \n_ _ _ _ _ _ _ _ _ _ _ _ _ _ _ _ _ _ _ _ _ _ _ _ _ _ _ _ _ _ _ _ _ _ _ _ _ _ _ _ _ _ _ _ _ _ _ _ _ _ _ _ _ _ _ _ _ _ _ _ _ _ _ _ _ _ _ _ _ _ _ _ _ _ _ _ _ _ _ _ _ _ _ _ _ _ _ _ _ _ _ _ _ _ _ _ _ _ _ _ _ _ _ _ _ _ _ _ _ _ _ _ _ _\n..\\pages\\LoginPage.py:25: in enterEmail\n    self.sendText(\"admin@gmail.com\", self._enterEmail,\"id\")\n_ _ _ _ _ _ _ _ _ _ _ _ _ _ _ _ _ _ _ _ _ _ _ _ _ _ _ _ _ _ _ _ _ _ _ _ _ _ _ _ _ _ _ _ _ _ _ _ _ _ _ _ _ _ _ _ _ _ _ _ _ _ _ _ _ _ _ _ _ _ _ _ _ _ _ _ _ _ _ _ _ _ _ _ _ _ _ _ _ _ _ _ _ _ _ _ _ _ _ _ _ _ _ _ _ _ _ _ _ _ _ _ _ _\n\nself = <AppiumFrameWork.pages.LoginPage.LoginPage object at 0x000001DAE5339220>, text = 'admin@gmail.com', locatorValue = 'com.skill2lead.appiumdemo:id/Et4', locatorType = 'id'\n\n    def sendText(self, text, locatorValue, locatorType=\"id\"):\n        element = None\n        try:\n            locatorType = locatorType.lower()\n            element = self.waitForElement(locatorValue, locatorType)\n            element.send_keys(text)\n            self.log.info(\"Send text on element found with locatorType: \" +\n                          locatorType + \" and with locatorValue: \" + locatorValue)\n        except:\n            self.log.info(\"Unable send text to element not found with locatorType: \" +\n                          locatorType + \" and with locatorValue: \" + locatorValue)\n        self.takeScreenshot(locatorType)\n>       assert False\nE       AssertionError\n\n..\\base\\BasePage.py:84: AssertionError"}, "steps": [{"name": "App Openned", "status": "passed", "start": 1717665775286, "stop": 1717665775286}, {"name": "Click on Login Button", "status": "passed", "start": 1717665775379, "stop": 1717665775379}], "attachments": [{"name": "id", "source": "5acd6616-e9b0-488b-8d8f-203a228de5a2-attachment.png", "type": "image/png"}, {"name": "log", "source": "6315bb6d-cdff-42e9-8096-45a2ac98bc50-attachment.txt", "type": "text/plain"}, {"name": "stdout", "source": "acf7460d-73ce-4b8c-92b4-c66fdaacbbc1-attachment.txt", "type": "text/plain"}], "start": 1717665775286, "stop": 1717665777538, "uuid": "6583873e-6c69-41e7-8c31-11f80d561673", "historyId": "65a81de18a839901109845f7f191bb0f", "testCaseId": "65a81de18a839901109845f7f191bb0f", "fullName": "LoginTest.LoginTest#test_LoginFailMethod", "labels": [{"name": "tag", "value": "run(order=1)"}, {"name": "tag", "value": "@pytest.mark.usefixtures('beforeClass', 'beforeMethod')"}, {"name": "suite", "value": "LoginTest"}, {"name": "subSuite", "value": "LoginTest"}, {"name": "host", "value": "DESKTOP-J53686U"}, {"name": "thread", "value": "4908-MainThread"}, {"name": "framework", "value": "pytest"}, {"name": "language", "value": "cpython3"}, {"name": "package", "value": "LoginTest"}]}