{"name": "test_LoginFailMethod", "status": "failed", "statusDetails": {"message": "AssertionError", "trace": "self = <AppiumFrameWork.tests.LoginTest.LoginTest testMethod=test_LoginFailMethod>\n\n    @pytest.mark.run(order=1)\n    def test_LoginFailMethod(self):\n        cl.allureLogs(\"App Openned\")\n        self.gt.clickLoginButton()\n>       self.gt.enterEmail()\n\nLoginTest.py:18: \n_ _ _ _ _ _ _ _ _ _ _ _ _ _ _ _ _ _ _ _ _ _ _ _ _ _ _ _ _ _ _ _ _ _ _ _ _ _ _ _ _ _ _ _ _ _ _ _ _ _ _ _ _ _ _ _ _ _ _ _ _ _ _ _ _ _ _ _ _ _ _ _ _ _ _ _ _ _ _ _ _ _ _ _ _ _ _ _ _ _ _ _ _ _ _ _ _ _ _ _ _ _ _ _ _ _ _ _ _ _ _ _ _ _\n..\\pages\\LoginPage.py:25: in enterEmail\n    self.sendText(\"admin@gmail.com\", self._enterEmail,\"id\")\n_ _ _ _ _ _ _ _ _ _ _ _ _ _ _ _ _ _ _ _ _ _ _ _ _ _ _ _ _ _ _ _ _ _ _ _ _ _ _ _ _ _ _ _ _ _ _ _ _ _ _ _ _ _ _ _ _ _ _ _ _ _ _ _ _ _ _ _ _ _ _ _ _ _ _ _ _ _ _ _ _ _ _ _ _ _ _ _ _ _ _ _ _ _ _ _ _ _ _ _ _ _ _ _ _ _ _ _ _ _ _ _ _ _\n\nself = <AppiumFrameWork.pages.LoginPage.LoginPage object at 0x00000230378D88F0>, text = 'admin@gmail.com', locatorValue = 'com.skill2lead.appiumdemo:id/Et4', locatorType = 'id'\n\n    def sendText(self, text, locatorValue, locatorType=\"id\"):\n        element = None\n        try:\n            locatorType = locatorType.lower()\n            element = self.waitForElement(locatorValue, locatorType)\n            element.send_keys(text)\n            self.log.info(\"Send text on element found with locatorType: \" +\n                          locatorType + \" and with locatorValue: \" + locatorValue)\n        except:\n            self.log.info(\"Unable send text to element not found with locatorType: \" +\n                          locatorType + \" and with locatorValue: \" + locatorValue)\n        self.takeScreenshot(locatorType)\n>       assert False\nE       AssertionError\n\n..\\base\\BasePage.py:84: AssertionError"}, "steps": [{"name": "App Openned", "status": "passed", "start": 1717665869613, "stop": 1717665869613}, {"name": "Click on Login Button", "status": "passed", "start": 1717665869748, "stop": 1717665869748}], "attachments": [{"name": "id", "source": "e73a9d67-2ab9-48ff-b1fc-ff408985a70d-attachment.png", "type": "image/png"}, {"name": "log", "source": "c6a3e46b-924d-4ff9-ab2b-a6dbe0ffb03e-attachment.txt", "type": "text/plain"}, {"name": "stdout", "source": "bea68c5a-f53c-4f8d-aeb4-309164d308ce-attachment.txt", "type": "text/plain"}], "start": 1717665869613, "stop": 1717665871534, "uuid": "c2ef964c-338a-4371-a928-33f467360093", "historyId": "65a81de18a839901109845f7f191bb0f", "testCaseId": "65a81de18a839901109845f7f191bb0f", "fullName": "LoginTest.LoginTest#test_LoginFailMethod", "labels": [{"name": "tag", "value": "run(order=1)"}, {"name": "tag", "value": "@pytest.mark.usefixtures('beforeClass', 'beforeMethod')"}, {"name": "suite", "value": "LoginTest"}, {"name": "subSuite", "value": "LoginTest"}, {"name": "host", "value": "DESKTOP-J53686U"}, {"name": "thread", "value": "6408-MainThread"}, {"name": "framework", "value": "pytest"}, {"name": "language", "value": "cpython3"}, {"name": "package", "value": "LoginTest"}]}