{"name": "test_LoginFailMethod", "status": "failed", "statusDetails": {"message": "AssertionError", "trace": "self = <AppiumFrameWork.tests.LoginTest.LoginTest testMethod=test_LoginFailMethod>\n\n    @pytest.mark.run(order=1)\n    def test_LoginFailMethod(self):\n        cl.allureLogs(\"App Openned\")\n        self.gt.clickLoginButton()\n>       self.gt.enterEmail()\n\nLoginTest.py:18: \n_ _ _ _ _ _ _ _ _ _ _ _ _ _ _ _ _ _ _ _ _ _ _ _ _ _ _ _ _ _ _ _ _ _ _ _ _ _ _ _ _ _ _ _ _ _ _ _ _ _ _ _ _ _ _ _ _ _ _ _ _ _ _ _ _ _ _ _ _ _ _ _ _ _ _ _ _ _ _ _ _ _ _ _ _ _ _ _ _ _ _ _ _ _ _ _ _ _ _ _ _ _ _ _ _ _ _ _ _ _ _ _ _ _\n..\\pages\\LoginPage.py:25: in enterEmail\n    self.sendText(\"admin@gmail.com\", self._enterEmail,\"id\")\n_ _ _ _ _ _ _ _ _ _ _ _ _ _ _ _ _ _ _ _ _ _ _ _ _ _ _ _ _ _ _ _ _ _ _ _ _ _ _ _ _ _ _ _ _ _ _ _ _ _ _ _ _ _ _ _ _ _ _ _ _ _ _ _ _ _ _ _ _ _ _ _ _ _ _ _ _ _ _ _ _ _ _ _ _ _ _ _ _ _ _ _ _ _ _ _ _ _ _ _ _ _ _ _ _ _ _ _ _ _ _ _ _ _\n\nself = <AppiumFrameWork.pages.LoginPage.LoginPage object at 0x000002AC78CB8260>, text = 'admin@gmail.com', locatorValue = 'com.skill2lead.appiumdemo:id/Et4', locatorType = 'id'\n\n    def sendText(self, text, locatorValue, locatorType=\"id\"):\n        element = None\n        try:\n            locatorType = locatorType.lower()\n            element = self.waitForElement(locatorValue, locatorType)\n            element.send_keys(text)\n            self.log.info(\"Send text on element found with locatorType: \" +\n                          locatorType + \" and with locatorValue: \" + locatorValue)\n        except:\n            self.log.info(\"Unable send text to element not found with locatorType: \" +\n                          locatorType + \" and with locatorValue: \" + locatorValue)\n        self.takeScreenshot(locatorType)\n>       assert False\nE       AssertionError\n\n..\\base\\BasePage.py:84: AssertionError"}, "steps": [{"name": "App Openned", "status": "passed", "start": 1717655069666, "stop": 1717655069666}, {"name": "Click on Login Button", "status": "passed", "start": 1717655069794, "stop": 1717655069794}], "attachments": [{"name": "id", "source": "877ac309-6cf1-4588-9e35-637535418bec-attachment.png", "type": "image/png"}, {"name": "log", "source": "90a4857b-27d4-4720-a0b1-02e454e5a27f-attachment.txt", "type": "text/plain"}, {"name": "stdout", "source": "20a61b5d-57bb-41c7-9bc8-c5d8fe4ffff8-attachment.txt", "type": "text/plain"}], "start": 1717655069665, "stop": 1717655072083, "uuid": "1ee0a14c-7892-4f43-8c69-689141dbd102", "historyId": "65a81de18a839901109845f7f191bb0f", "testCaseId": "65a81de18a839901109845f7f191bb0f", "fullName": "LoginTest.LoginTest#test_LoginFailMethod", "labels": [{"name": "tag", "value": "run(order=1)"}, {"name": "tag", "value": "@pytest.mark.usefixtures('beforeClass', 'beforeMethod')"}, {"name": "suite", "value": "LoginTest"}, {"name": "subSuite", "value": "LoginTest"}, {"name": "host", "value": "DESKTOP-J53686U"}, {"name": "thread", "value": "9368-MainThread"}, {"name": "framework", "value": "pytest"}, {"name": "language", "value": "cpython3"}, {"name": "package", "value": "LoginTest"}]}